<?xml version="1.0" encoding="UTF-8"?>
<testng-results ignored="0" total="1" passed="0" failed="1" skipped="0">
  <reporter-output>
    <line>
      <![CDATA[books page displayed]]>
    </line>
    <line>
      <![CDATA[test script fail]]>
    </line>
  </reporter-output>
  <suite started-at="2025-07-25T14:03:22 IST" name="Default suite" finished-at="2025-07-25T14:03:33 IST" duration-ms="10393">
    <groups>
    </groups>
    <test started-at="2025-07-25T14:03:22 IST" name="Default test" finished-at="2025-07-25T14:03:33 IST" duration-ms="10393">
      <class name="testng.TestScript1">
        <test-method is-config="true" signature="openBrowser()[pri:0, instance:testng.TestScript1@fbd1f6]" started-at="2025-07-25T14:03:22 IST" name="openBrowser" finished-at="2025-07-25T14:03:29 IST" duration-ms="6561" status="PASS">
          <reporter-output>
          </reporter-output>
        </test-method> <!-- openBrowser -->
        <test-method is-config="true" signature="logIn()[pri:0, instance:testng.TestScript1@fbd1f6]" started-at="2025-07-25T14:03:29 IST" name="logIn" finished-at="2025-07-25T14:03:30 IST" duration-ms="1517" status="PASS">
          <reporter-output>
          </reporter-output>
        </test-method> <!-- logIn -->
        <test-method signature="clickOnBooks()[pri:0, instance:testng.TestScript1@fbd1f6]" started-at="2025-07-25T14:03:30 IST" name="clickOnBooks" finished-at="2025-07-25T14:03:31 IST" duration-ms="971" status="FAIL">
          <exception class="java.lang.AssertionError">
            <message>
              <![CDATA[The following asserts failed:
books page not displayed expected [Demo We Shop. Books] but found [Demo Web Shop. Books]]]>
            </message>
            <full-stacktrace>
              <![CDATA[java.lang.AssertionError: The following asserts failed:
books page not displayed expected [Demo We Shop. Books] but found [Demo Web Shop. Books]
at org.testng.asserts.SoftAssert.assertAll(SoftAssert.java:46)
at org.testng.asserts.SoftAssert.assertAll(SoftAssert.java:30)
at testng.TestScript1.clickOnBooks(TestScript1.java:23)
at java.base/jdk.internal.reflect.DirectMethodHandleAccessor.invoke(DirectMethodHandleAccessor.java:103)
at java.base/java.lang.reflect.Method.invoke(Method.java:580)
at org.testng.internal.invokers.MethodInvocationHelper.invokeMethod(MethodInvocationHelper.java:141)
at org.testng.internal.invokers.TestInvoker.invokeMethod(TestInvoker.java:687)
at org.testng.internal.invokers.TestInvoker.invokeTestMethod(TestInvoker.java:230)
at org.testng.internal.invokers.MethodRunner.runInSequence(MethodRunner.java:63)
at org.testng.internal.invokers.TestInvoker$MethodInvocationAgent.invoke(TestInvoker.java:995)
at org.testng.internal.invokers.TestInvoker.invokeTestMethods(TestInvoker.java:203)
at org.testng.internal.invokers.TestMethodWorker.invokeTestMethods(TestMethodWorker.java:154)
at org.testng.internal.invokers.TestMethodWorker.run(TestMethodWorker.java:134)
at java.base/java.util.ArrayList.forEach(ArrayList.java:1596)
at org.testng.TestRunner.privateRun(TestRunner.java:741)
at org.testng.TestRunner.run(TestRunner.java:616)
at org.testng.SuiteRunner.runTest(SuiteRunner.java:421)
at org.testng.SuiteRunner.runSequentially(SuiteRunner.java:413)
at org.testng.SuiteRunner.privateRun(SuiteRunner.java:373)
at org.testng.SuiteRunner.run(SuiteRunner.java:312)
at org.testng.SuiteRunnerWorker.runSuite(SuiteRunnerWorker.java:52)
at org.testng.SuiteRunnerWorker.run(SuiteRunnerWorker.java:95)
at org.testng.TestNG.runSuitesSequentially(TestNG.java:1274)
at org.testng.TestNG.runSuitesLocally(TestNG.java:1208)
at org.testng.TestNG.runSuites(TestNG.java:1112)
at org.testng.TestNG.run(TestNG.java:1079)
at org.testng.remote.AbstractRemoteTestNG.run(AbstractRemoteTestNG.java:115)
at org.testng.remote.RemoteTestNG.initAndRun(RemoteTestNG.java:293)
at org.testng.remote.RemoteTestNG.main(RemoteTestNG.java:91)
]]>
            </full-stacktrace>
          </exception> <!-- java.lang.AssertionError -->
          <reporter-output>
            <line>
              <![CDATA[books page displayed]]>
            </line>
            <line>
              <![CDATA[test script fail]]>
            </line>
          </reporter-output>
        </test-method> <!-- clickOnBooks -->
        <test-method is-config="true" signature="logOut()[pri:0, instance:testng.TestScript1@fbd1f6]" started-at="2025-07-25T14:03:32 IST" name="logOut" finished-at="2025-07-25T14:03:32 IST" duration-ms="838" status="PASS">
          <reporter-output>
          </reporter-output>
        </test-method> <!-- logOut -->
        <test-method is-config="true" signature="closeBrowser()[pri:0, instance:testng.TestScript1@fbd1f6]" started-at="2025-07-25T14:03:32 IST" name="closeBrowser" finished-at="2025-07-25T14:03:33 IST" duration-ms="291" status="PASS">
          <reporter-output>
          </reporter-output>
        </test-method> <!-- closeBrowser -->
      </class> <!-- testng.TestScript1 -->
    </test> <!-- Default test -->
  </suite> <!-- Default suite -->
</testng-results>
